Using pre-set license
Built from 'trunk' branch; Version is '2021.2.0a5 (4a734693b889) revision 4879174'; Using compiler version '192829333'; Build Type 'Release'
OS: 'Windows 10 Home; OS build 19042.804; Version 2009; 64bit' Language: 'en' Physical Memory: 7549 MB
BatchMode: 1, IsHumanControllingUs: 0, StartBugReporterOnCrash: 0, Is64bit: 1, IsPro: 0

 COMMAND LINE ARGUMENTS:
E:\Unity Projects\Engine\2020.1.1f1\2021.2.0a5\Editor\Unity.exe
-adb2
-batchMode
-noUpm
-name
AssetImportWorker0
-projectPath
E:/Unity Projects/Course- Junior Programmer/Project X
-logFile
Logs/AssetImportWorker0.log
-srvPort
55263
Successfully changed project path to: E:/Unity Projects/Course- Junior Programmer/Project X
E:/Unity Projects/Course- Junior Programmer/Project X
Using Asset Import Pipeline V2.
Refreshing native plugins compatible for Editor in 21.06 ms, found 0 plugins.
Preloading 0 native plugins for Editor in 0.00 ms.
Initialize engine version: 2021.2.0a5 (4a734693b889)
[Subsystems] Discovering subsystems at path E:/Unity Projects/Engine/2020.1.1f1/2021.2.0a5/Editor/Data/Resources/UnitySubsystems
[Subsystems] Discovering subsystems at path E:/Unity Projects/Course- Junior Programmer/Project X/Assets
GfxDevice: creating device client; threaded=0; jobified=0
Direct3D:
    Version:  Direct3D 11.0 [level 11.1]
    Renderer: NVIDIA GeForce GTX 1650 (ID=0x1f99)
    Vendor:   NVIDIA
    VRAM:     3962 MB
    Driver:   27.21.14.6192
Initialize mono
Mono path[0] = 'E:/Unity Projects/Engine/2020.1.1f1/2021.2.0a5/Editor/Data/Managed'
Mono path[1] = 'E:/Unity Projects/Engine/2020.1.1f1/2021.2.0a5/Editor/Data/MonoBleedingEdge/lib/mono/unityjit'
Mono config path = 'E:/Unity Projects/Engine/2020.1.1f1/2021.2.0a5/Editor/Data/MonoBleedingEdge/etc'
Using monoOptions --debugger-agent=transport=dt_socket,embedding=1,server=y,suspend=n,address=127.0.0.1:56952
Begin MonoManager ReloadAssembly
Registering precompiled unity dll's ...
Register platform support module: E:/Unity Projects/Engine/2020.1.1f1/2021.2.0a5/Editor/Data/PlaybackEngines/WebGLSupport/UnityEditor.WebGL.Extensions.dll
Register platform support module: E:/Unity Projects/Engine/2020.1.1f1/2021.2.0a5/Editor/Data/PlaybackEngines/WindowsStandaloneSupport/UnityEditor.WindowsStandalone.Extensions.dll
Registered in 0.001298 seconds.
Native extension for WindowsStandalone target not found
Native extension for WebGL target not found
Refreshing native plugins compatible for Editor in 24.78 ms, found 0 plugins.
Preloading 0 native plugins for Editor in 0.00 ms.
Mono: successfully reloaded assembly
- Completed reload, in  1.215 seconds
Platform modules already initialized, skipping
Registering precompiled user dll's ...
Registered in 0.000716 seconds.
Begin MonoManager ReloadAssembly
Native extension for WindowsStandalone target not found
Native extension for WebGL target not found
Refreshing native plugins compatible for Editor in 0.26 ms, found 0 plugins.
Preloading 0 native plugins for Editor in 0.00 ms.
Mono: successfully reloaded assembly
- Completed reload, in  0.775 seconds
Platform modules already initialized, skipping
========================================================================
Worker process is ready to serve import requests
Launched and connected shader compiler UnityShaderCompiler.exe after 0.05 seconds
Refreshing native plugins compatible for Editor in 0.29 ms, found 0 plugins.
Preloading 0 native plugins for Editor in 0.00 ms.
Unloading 1120 Unused Serialized files (Serialized files now loaded: 0)
System memory in use before: 60.2 MB.
System memory in use after: 60.2 MB.

Unloading 9 unused Assets to reduce memory usage. Loaded Objects now: 1585.
Total: 2.524200 ms (FindLiveObjects: 0.264200 ms CreateObjectMapping: 0.059700 ms MarkObjects: 2.069800 ms  DeleteObjects: 0.128500 ms)

========================================================================
Received Import Request.
  path: Assets/Asset Store/Quixel
  artifactKey: Guid(9f342866c82a8904e8110c451eff2478) Importer(815301076,1909f56bfc062723c751e8b465ee728b)
Start importing Assets/Asset Store/Quixel using Guid(9f342866c82a8904e8110c451eff2478) Importer(815301076,1909f56bfc062723c751e8b465ee728b)  -> (artifact id: '62dc792d016d0d424c88cd26fe8ab77c') in 0.009187 seconds 
========================================================================
Received Import Request.
  Time since last request: 27.475563 seconds.
  path: Assets/Asset Store/Quixel/vecnbeylw_2K_Roughness.jpg
  artifactKey: Guid(3465a8bb5ea0aaf44a4fc0693ca12fd0) Importer(815301076,1909f56bfc062723c751e8b465ee728b)
Start importing Assets/Asset Store/Quixel/vecnbeylw_2K_Roughness.jpg using Guid(3465a8bb5ea0aaf44a4fc0693ca12fd0) Importer(815301076,1909f56bfc062723c751e8b465ee728b)  -> (artifact id: '1fb3e997cbdfabac5692296450fec2ae') in 0.130745 seconds 
========================================================================
Received Import Request.
  Time since last request: 2.713958 seconds.
  path: Assets/Asset Store/Quixel/Rock_Mossy_vecnbeylw_surface_Preview.png
  artifactKey: Guid(1687ea9c5f23a3547bf01110e520b8c4) Importer(815301076,1909f56bfc062723c751e8b465ee728b)
Start importing Assets/Asset Store/Quixel/Rock_Mossy_vecnbeylw_surface_Preview.png using Guid(1687ea9c5f23a3547bf01110e520b8c4) Importer(815301076,1909f56bfc062723c751e8b465ee728b)  -> (artifact id: 'edf9e247a1473056241eb9adf07348be') in 0.026595 seconds 
========================================================================
Received Import Request.
  Time since last request: 33.069850 seconds.
  path: Assets/Asset Store/Quixel/vecnbeylw_2K_Albedo.jpg
  artifactKey: Guid(5ceb80216b7ce344ebc20377cd02e268) Importer(815301076,1909f56bfc062723c751e8b465ee728b)
Start importing Assets/Asset Store/Quixel/vecnbeylw_2K_Albedo.jpg using Guid(5ceb80216b7ce344ebc20377cd02e268) Importer(815301076,1909f56bfc062723c751e8b465ee728b)  -> (artifact id: '8d5d899433d539f2e15c8b8d7a6f6c99') in 0.020956 seconds 
========================================================================
Received Import Request.
  Time since last request: 51.218549 seconds.
  path: Assets/Asset Store/Quixel/vecnbeylw.json
  artifactKey: Guid(776c6cfb31edfe3488febf802460c7f6) Importer(815301076,1909f56bfc062723c751e8b465ee728b)
Start importing Assets/Asset Store/Quixel/vecnbeylw.json using Guid(776c6cfb31edfe3488febf802460c7f6) Importer(815301076,1909f56bfc062723c751e8b465ee728b)  -> (artifact id: '8162fcdd9b09cb2698e64e40d514884c') in 0.012586 seconds 
========================================================================
Received Prepare
Registering precompiled user dll's ...
Registered in 0.000678 seconds.
Begin MonoManager ReloadAssembly
Native extension for WindowsStandalone target not found
Native extension for WebGL target not found
Refreshing native plugins compatible for Editor in 0.27 ms, found 0 plugins.
Preloading 0 native plugins for Editor in 0.00 ms.
Mono: successfully reloaded assembly
- Completed reload, in  0.757 seconds
Platform modules already initialized, skipping
Refreshing native plugins compatible for Editor in 0.35 ms, found 0 plugins.
Preloading 0 native plugins for Editor in 0.00 ms.
Unloading 1115 Unused Serialized files (Serialized files now loaded: 0)
System memory in use before: 66.9 MB.
System memory in use after: 67.0 MB.

Unloading 4 unused Assets to reduce memory usage. Loaded Objects now: 1634.
Total: 2.145700 ms (FindLiveObjects: 0.183800 ms CreateObjectMapping: 0.042300 ms MarkObjects: 1.900400 ms  DeleteObjects: 0.017100 ms)

AssetImportWorkerClient::OnTransportError - code=2 error=End of file
